<?xml version="1.0" encoding="UTF-8"?>
<testng-results ignored="0" total="1" passed="1" failed="0" skipped="0">
  <reporter-output>
  </reporter-output>
  <suite started-at="2021-11-17T15:43:10 MSK" name="Suite" finished-at="2021-11-17T15:43:23 MSK" duration-ms="13318">
    <groups>
    </groups>
    <test started-at="2021-11-17T15:43:10 MSK" name="SeleniumTask" finished-at="2021-11-17T15:43:23 MSK" duration-ms="13318">
      <class name="com.parametriz.BaseTest">
        <test-method is-config="true" signature="testSetup()[pri:0, instance:com.parametriz.BaseTest@6e0dec4a]" started-at="2021-11-17T15:43:10 MSK" name="testSetup" finished-at="2021-11-17T15:43:13 MSK" duration-ms="3046" status="PASS">
          <reporter-output>
          </reporter-output>
        </test-method> <!-- testSetup -->
        <test-method signature="testCatalog(java.lang.String,java.lang.String,java.lang.String,java.lang.String,java.lang.String)[pri:0, instance:com.parametriz.BaseTest@6e0dec4a]" started-at="2021-11-17T15:43:13 MSK" name="testCatalog" finished-at="2021-11-17T15:43:22 MSK" duration-ms="9595" status="PASS">
          <params>
            <param index="0">
              <value>
                <![CDATA[Samsung]]>
              </value>
            </param>
            <param index="1">
              <value>
                <![CDATA[1500]]>
              </value>
            </param>
            <param index="2">
              <value>
                <![CDATA[40"]]>
              </value>
            </param>
            <param index="3">
              <value>
                <![CDATA[50"]]>
              </value>
            </param>
            <param index="4">
              <value>
                <![CDATA[1920x1080 (Full HD)]]>
              </value>
            </param>
          </params>
          <reporter-output>
          </reporter-output>
        </test-method> <!-- testCatalog -->
        <test-method is-config="true" signature="closeBrowser()[pri:0, instance:com.parametriz.BaseTest@6e0dec4a]" started-at="2021-11-17T15:43:22 MSK" name="closeBrowser" finished-at="2021-11-17T15:43:23 MSK" duration-ms="657" status="PASS">
          <reporter-output>
          </reporter-output>
        </test-method> <!-- closeBrowser -->
      </class> <!-- com.parametriz.BaseTest -->
    </test> <!-- SeleniumTask -->
  </suite> <!-- Suite -->
</testng-results>
